2023-05-30 14:24:03.949: my pid: 15500
2023-05-30 14:24:03.949: model: model.general_recommender.SGL
2023-05-30 14:24:03.949: Dataset statistics:
Name: yelp2018
The number of users: 31668
The number of items: 38048
The number of ratings: 1561406
Average actions of users: 49.31
Average actions of items: 41.04
The sparsity of the dataset: 99.870412%

The number of training: 1237259
The number of validation: 0
The number of testing: 324147
2023-05-30 14:24:03.959: NeuRec:[NeuRec]:
recommender=SGL
dataset=yelp2018
file_column=UI
sep=','
gpu_id=0
gpu_mem=0.99
metric=["Precision", "Recall", "NDCG"]
top_k=[20]
test_thread=8
test_batch_size=128
seed=2021
start_testing_epoch=0

SGL:[hyperparameters]:
aug_type=ED
reg=1e-4
embed_size=64
n_layers=1
ssl_reg=0.1
ssl_ratio=0.1
ssl_temp=0.2
ssl_mode=both_side
lr=0.001
learner=adam
adj_type=pre
epochs=1000
batch_size=2048
num_negatives=1
param_init=xavier_uniform
stddev=0.01
verbose=1
stop_cnt=10
pretrain_flag=0
save_flag=0
2023-05-30 14:24:09.317: metrics:	Precision@20	Recall@20   	NDCG@20     
2023-05-30 14:25:57.680: [iter 1 : loss : 1.8199 = 0.6928 + 1.1271 + 0.0000, time: 108.363107]
2023-05-30 14:26:01.670: epoch 1:	0.00270780  	0.00615553  	0.00498175  
2023-05-30 14:26:01.670: Find a better model.
2023-05-30 14:27:50.039: [iter 2 : loss : 1.8173 = 0.6912 + 1.1260 + 0.0000, time: 108.350050]
2023-05-30 14:27:54.162: epoch 2:	0.00728359  	0.01715043  	0.01336875  
2023-05-30 14:27:54.162: Find a better model.
2023-05-30 14:29:42.531: [iter 3 : loss : 1.8033 = 0.6754 + 1.1278 + 0.0000, time: 108.348172]
2023-05-30 14:29:46.287: epoch 3:	0.01499404  	0.03416637  	0.02747048  
2023-05-30 14:29:46.287: Find a better model.
2023-05-30 14:31:34.729: [iter 4 : loss : 1.6917 = 0.5504 + 1.1412 + 0.0002, time: 108.419642]
2023-05-30 14:31:39.175: epoch 4:	0.02571129  	0.05618975  	0.04621724  
2023-05-30 14:31:39.176: Find a better model.
2023-05-30 14:33:28.672: [iter 5 : loss : 1.4946 = 0.3327 + 1.1614 + 0.0005, time: 109.477472]
2023-05-30 14:33:32.210: epoch 5:	0.02712888  	0.05937852  	0.04912357  
2023-05-30 14:33:32.210: Find a better model.
2023-05-30 14:35:20.764: [iter 6 : loss : 1.3629 = 0.1942 + 1.1679 + 0.0009, time: 108.530948]
2023-05-30 14:35:24.568: epoch 6:	0.02786612  	0.06121057  	0.05049324  
2023-05-30 14:35:24.568: Find a better model.
2023-05-30 14:37:14.711: [iter 7 : loss : 1.2968 = 0.1314 + 1.1642 + 0.0012, time: 110.115327]
2023-05-30 14:37:18.579: epoch 7:	0.02830975  	0.06231776  	0.05138158  
2023-05-30 14:37:18.579: Find a better model.
2023-05-30 14:39:08.344: [iter 8 : loss : 1.2585 = 0.0982 + 1.1589 + 0.0014, time: 109.746231]
2023-05-30 14:39:12.021: epoch 8:	0.02842657  	0.06255417  	0.05161409  
2023-05-30 14:39:12.021: Find a better model.
2023-05-30 14:41:02.414: [iter 9 : loss : 1.2336 = 0.0779 + 1.1541 + 0.0017, time: 110.372136]
2023-05-30 14:41:06.209: epoch 9:	0.02848499  	0.06267992  	0.05178503  
2023-05-30 14:41:06.209: Find a better model.
2023-05-30 14:42:55.931: [iter 10 : loss : 1.2164 = 0.0644 + 1.1501 + 0.0019, time: 109.701231]
2023-05-30 14:42:59.723: epoch 10:	0.02847392  	0.06275654  	0.05179680  
2023-05-30 14:42:59.723: Find a better model.
2023-05-30 14:44:49.177: [iter 11 : loss : 1.2037 = 0.0547 + 1.1470 + 0.0021, time: 109.432391]
2023-05-30 14:44:52.810: epoch 11:	0.02831763  	0.06243623  	0.05156906  
2023-05-30 14:46:42.913: [iter 12 : loss : 1.1939 = 0.0473 + 1.1444 + 0.0022, time: 110.078938]
2023-05-30 14:46:46.904: epoch 12:	0.02816924  	0.06213760  	0.05131486  
2023-05-30 14:48:36.830: [iter 13 : loss : 1.1862 = 0.0415 + 1.1424 + 0.0024, time: 109.905208]
2023-05-30 14:48:40.828: epoch 13:	0.02803823  	0.06181143  	0.05098022  
2023-05-30 14:50:30.762: [iter 14 : loss : 1.1800 = 0.0368 + 1.1406 + 0.0026, time: 109.910618]
2023-05-30 14:50:34.382: epoch 14:	0.02780614  	0.06115706  	0.05056097  
2023-05-30 14:52:24.004: [iter 15 : loss : 1.1754 = 0.0335 + 1.1392 + 0.0027, time: 109.599642]
2023-05-30 14:52:27.741: epoch 15:	0.02777929  	0.06104099  	0.05035853  
2023-05-30 14:54:17.218: [iter 16 : loss : 1.1711 = 0.0303 + 1.1380 + 0.0028, time: 109.456843]
2023-05-30 14:54:20.838: epoch 16:	0.02746196  	0.06020920  	0.04981048  
2023-05-30 14:56:09.925: [iter 17 : loss : 1.1681 = 0.0281 + 1.1370 + 0.0030, time: 109.067227]
2023-05-30 14:56:13.675: epoch 17:	0.02730412  	0.05979368  	0.04949157  
2023-05-30 14:58:03.121: [iter 18 : loss : 1.1653 = 0.0261 + 1.1361 + 0.0031, time: 109.427434]
2023-05-30 14:58:06.869: epoch 18:	0.02709572  	0.05935708  	0.04907650  
2023-05-30 14:59:55.975: [iter 19 : loss : 1.1630 = 0.0245 + 1.1353 + 0.0032, time: 109.083211]
2023-05-30 14:59:59.911: epoch 19:	0.02694417  	0.05896704  	0.04867648  
2023-05-30 15:01:49.453: [iter 20 : loss : 1.1607 = 0.0227 + 1.1347 + 0.0033, time: 109.523651]
2023-05-30 15:01:53.172: epoch 20:	0.02676419  	0.05848138  	0.04828205  
2023-05-30 15:01:53.173: Early stopping is trigger at epoch: 20
2023-05-30 15:01:53.173: best_result@epoch 10:

2023-05-30 15:01:53.173: 		0.0285      	0.0628      	0.0518      
