2023-05-27 15:41:07.760: my pid: 24848
2023-05-27 15:41:07.760: model: model.general_recommender.SGL
2023-05-27 15:41:07.761: Dataset statistics:
Name: yelp2018
The number of users: 31668
The number of items: 38048
The number of ratings: 1561406
Average actions of users: 49.31
Average actions of items: 41.04
The sparsity of the dataset: 99.870412%

The number of training: 1237259
The number of validation: 0
The number of testing: 324147
2023-05-27 15:41:07.770: NeuRec:[NeuRec]:
recommender=SGL
dataset=yelp2018
file_column=UI
sep=','
gpu_id=0
gpu_mem=0.99
metric=["Precision", "Recall", "NDCG"]
top_k=[20]
test_thread=8
test_batch_size=128
seed=2021
start_testing_epoch=0

SGL:[hyperparameters]:
aug_type=ND
reg=1e-4
embed_size=64
n_layers=1
ssl_reg=0.1
ssl_ratio=0.1
ssl_temp=0.2
ssl_mode=both_side
lr=0.001
learner=adam
adj_type=pre
epochs=1000
batch_size=2048
num_negatives=1
param_init=xavier_uniform
stddev=0.01
verbose=1
stop_cnt=10
pretrain_flag=0
save_flag=0
2023-05-27 15:41:12.820: metrics:	Precision@20	Recall@20   	NDCG@20     
2023-05-27 15:42:58.772: [iter 1 : loss : 1.8185 = 0.6929 + 1.1257 + 0.0000, time: 105.951340]
2023-05-27 15:43:02.177: epoch 1:	0.00066471  	0.00132904  	0.00107550  
2023-05-27 15:43:02.177: Find a better model.
2023-05-27 15:44:48.431: [iter 2 : loss : 1.8163 = 0.6921 + 1.1242 + 0.0000, time: 106.236779]
2023-05-27 15:44:51.912: epoch 2:	0.00155676  	0.00351451  	0.00280096  
2023-05-27 15:44:51.912: Find a better model.
2023-05-27 15:46:38.763: [iter 3 : loss : 1.8129 = 0.6882 + 1.1247 + 0.0000, time: 106.831973]
2023-05-27 15:46:42.248: epoch 3:	0.00923653  	0.02203582  	0.01758656  
2023-05-27 15:46:42.249: Find a better model.
