2023-05-27 15:13:48.651: my pid: 19896
2023-05-27 15:13:48.651: model: model.general_recommender.SGL
2023-05-27 15:13:48.651: Dataset statistics:
Name: yelp2018
The number of users: 31668
The number of items: 38048
The number of ratings: 1561406
Average actions of users: 49.31
Average actions of items: 41.04
The sparsity of the dataset: 99.870412%

The number of training: 1237259
The number of validation: 0
The number of testing: 324147
2023-05-27 15:13:48.661: NeuRec:[NeuRec]:
recommender=SGL
dataset=yelp2018
file_column=UI
sep=','
gpu_id=0
gpu_mem=0.99
metric=["Precision", "Recall", "NDCG"]
top_k=[20]
test_thread=8
test_batch_size=128
seed=2021
start_testing_epoch=0

SGL:[hyperparameters]:
aug_type=RW
reg=1e-4
embed_size=64
n_layers=1
ssl_reg=0.1
ssl_ratio=0.1
ssl_temp=0.2
ssl_mode=both_side
lr=0.001
learner=adam
adj_type=pre
epochs=1000
batch_size=2048
num_negatives=1
param_init=xavier_uniform
stddev=0.01
verbose=1
stop_cnt=10
pretrain_flag=0
save_flag=0
2023-05-27 15:13:53.616: metrics:	Precision@20	Recall@20   	NDCG@20     
2023-05-27 15:15:44.478: [iter 1 : loss : 1.8199 = 0.6928 + 1.1271 + 0.0000, time: 110.861172]
2023-05-27 15:15:48.047: epoch 1:	0.00270780  	0.00615553  	0.00498165  
2023-05-27 15:15:48.048: Find a better model.
2023-05-27 15:17:39.502: [iter 2 : loss : 1.8173 = 0.6912 + 1.1260 + 0.0000, time: 111.436070]
2023-05-27 15:17:42.983: epoch 2:	0.00728359  	0.01715043  	0.01336877  
2023-05-27 15:17:42.983: Find a better model.
2023-05-27 15:19:34.578: [iter 3 : loss : 1.8033 = 0.6754 + 1.1278 + 0.0000, time: 111.574608]
2023-05-27 15:19:38.143: epoch 3:	0.01499404  	0.03416637  	0.02747055  
2023-05-27 15:19:38.143: Find a better model.
2023-05-27 15:21:30.132: [iter 4 : loss : 1.6917 = 0.5504 + 1.1412 + 0.0002, time: 111.967120]
2023-05-27 15:21:33.643: epoch 4:	0.02571129  	0.05618975  	0.04621718  
2023-05-27 15:21:33.643: Find a better model.
2023-05-27 15:23:25.422: [iter 5 : loss : 1.4946 = 0.3327 + 1.1614 + 0.0005, time: 111.759772]
2023-05-27 15:23:29.113: epoch 5:	0.02712888  	0.05937852  	0.04912364  
2023-05-27 15:23:29.113: Find a better model.
2023-05-27 15:25:21.447: [iter 6 : loss : 1.3629 = 0.1942 + 1.1679 + 0.0009, time: 112.315482]
2023-05-27 15:25:25.053: epoch 6:	0.02786612  	0.06121057  	0.05049297  
2023-05-27 15:25:25.053: Find a better model.
2023-05-27 15:27:17.019: [iter 7 : loss : 1.2968 = 0.1314 + 1.1642 + 0.0012, time: 111.947939]
2023-05-27 15:27:20.677: epoch 7:	0.02830975  	0.06231776  	0.05138182  
2023-05-27 15:27:20.678: Find a better model.
2023-05-27 15:29:12.814: [iter 8 : loss : 1.2585 = 0.0982 + 1.1589 + 0.0014, time: 112.117656]
2023-05-27 15:29:16.506: epoch 8:	0.02842657  	0.06255417  	0.05161421  
2023-05-27 15:29:16.506: Find a better model.
2023-05-27 15:31:08.283: [iter 9 : loss : 1.2336 = 0.0779 + 1.1541 + 0.0017, time: 111.759278]
2023-05-27 15:31:11.847: epoch 9:	0.02848499  	0.06267992  	0.05178492  
2023-05-27 15:31:11.847: Find a better model.
2023-05-27 15:33:04.273: [iter 10 : loss : 1.2164 = 0.0644 + 1.1501 + 0.0019, time: 112.408625]
2023-05-27 15:33:07.879: epoch 10:	0.02847392  	0.06275654  	0.05179689  
2023-05-27 15:33:07.880: Find a better model.
2023-05-27 15:35:00.144: [iter 11 : loss : 1.2037 = 0.0547 + 1.1470 + 0.0021, time: 112.246333]
2023-05-27 15:35:03.707: epoch 11:	0.02831605  	0.06243307  	0.05156662  
