2023-05-30 21:01:30.901: my pid: 11592
2023-05-30 21:01:30.901: model: model.general_recommender.SGL
2023-05-30 21:01:30.901: Dataset statistics:
Name: yelp2018
The number of users: 31668
The number of items: 38048
The number of ratings: 1561406
Average actions of users: 49.31
Average actions of items: 41.04
The sparsity of the dataset: 99.870412%

The number of training: 1237259
The number of validation: 0
The number of testing: 324147
2023-05-30 21:01:30.902: NeuRec:[NeuRec]:
recommender=SGL
dataset=yelp2018
file_column=UI
sep=','
gpu_id=0
gpu_mem=0.99
metric=["Precision", "Recall", "NDCG"]
top_k=[20]
test_thread=8
test_batch_size=128
seed=2021
start_testing_epoch=0

SGL:[hyperparameters]:
aug_type=ED
reg=1e-4
embed_size=64
n_layers=2
ssl_reg=0.1
ssl_ratio=0.1
ssl_temp=0.2
ssl_mode=both_side
lr=0.001
learner=adam
adj_type=pre
epochs=1000
batch_size=2048
num_negatives=1
param_init=xavier_uniform
stddev=0.01
verbose=1
stop_cnt=10
pretrain_flag=0
save_flag=0
2023-05-30 21:01:41.679: metrics:	Precision@20	Recall@20   	NDCG@20     
