2023-05-30 21:36:13.995: my pid: 12320
2023-05-30 21:36:13.995: model: model.general_recommender.SGL
2023-05-30 21:36:13.995: Dataset statistics:
Name: yelp2018
The number of users: 31668
The number of items: 38048
The number of ratings: 1561406
Average actions of users: 49.31
Average actions of items: 41.04
The sparsity of the dataset: 99.870412%

The number of training: 1237259
The number of validation: 0
The number of testing: 324147
2023-05-30 21:36:13.995: NeuRec:[NeuRec]:
recommender=SGL
dataset=yelp2018
file_column=UI
sep=','
gpu_id=0
gpu_mem=0.99
metric=["Precision", "Recall", "NDCG"]
top_k=[20]
test_thread=8
test_batch_size=128
seed=2021
start_testing_epoch=0

SGL:[hyperparameters]:
aug_type=ED
reg=1e-4
embed_size=64
n_layers=2
ssl_reg=0.1
ssl_ratio=0.1
ssl_temp=0.2
ssl_mode=both_side
lr=0.001
learner=adam
adj_type=pre
epochs=1000
batch_size=2048
num_negatives=1
param_init=xavier_uniform
stddev=0.01
verbose=1
stop_cnt=10
pretrain_flag=0
save_flag=0
2023-05-30 21:36:25.905: metrics:	Precision@20	Recall@20   	NDCG@20     
2023-05-30 21:39:18.643: [iter 1 : loss : 1.8207 = 0.6930 + 1.1277 + 0.0000, time: 172.735371]
2023-05-30 21:39:23.339: epoch 1:	0.00156782  	0.00299123  	0.00249617  
2023-05-30 21:39:23.339: Find a better model.
2023-05-30 21:42:17.673: [iter 2 : loss : 1.8191 = 0.6928 + 1.1262 + 0.0000, time: 174.311827]
2023-05-30 21:42:22.226: epoch 2:	0.00336622  	0.00667926  	0.00560016  
2023-05-30 21:42:22.226: Find a better model.
2023-05-30 21:45:15.975: [iter 3 : loss : 1.8185 = 0.6924 + 1.1261 + 0.0000, time: 173.724903]
2023-05-30 21:45:20.380: epoch 3:	0.00523411  	0.01111339  	0.00908782  
2023-05-30 21:45:20.380: Find a better model.
2023-05-30 21:48:12.981: [iter 4 : loss : 1.8171 = 0.6909 + 1.1262 + 0.0000, time: 172.576172]
2023-05-30 21:48:17.311: epoch 4:	0.00481725  	0.01048458  	0.00819855  
2023-05-30 21:51:09.663: [iter 5 : loss : 1.8104 = 0.6829 + 1.1275 + 0.0000, time: 172.328058]
2023-05-30 21:51:13.977: epoch 5:	0.00875501  	0.01981767  	0.01611839  
2023-05-30 21:51:13.978: Find a better model.
2023-05-30 21:54:06.360: [iter 6 : loss : 1.7659 = 0.6303 + 1.1355 + 0.0001, time: 172.360471]
2023-05-30 21:54:10.905: epoch 6:	0.01765252  	0.03855838  	0.03207187  
2023-05-30 21:54:10.905: Find a better model.
2023-05-30 21:57:03.202: [iter 7 : loss : 1.6482 = 0.4944 + 1.1534 + 0.0004, time: 172.272802]
2023-05-30 21:57:07.558: epoch 7:	0.02686366  	0.05895476  	0.04861117  
2023-05-30 21:57:07.558: Find a better model.
2023-05-30 22:00:00.438: [iter 8 : loss : 1.4863 = 0.3083 + 1.1771 + 0.0009, time: 172.857960]
2023-05-30 22:00:04.350: epoch 8:	0.02799401  	0.06162154  	0.05085931  
2023-05-30 22:00:04.350: Find a better model.
2023-05-30 22:28:06.976: [iter 9 : loss : 1.3722 = 0.1875 + 1.1833 + 0.0014, time: 1437.349215]
