2023-05-30 20:19:29.655: my pid: 3900
2023-05-30 20:19:29.656: model: model.general_recommender.SGL
2023-05-30 20:19:29.656: Dataset statistics:
Name: yelp2018
The number of users: 31668
The number of items: 38048
The number of ratings: 1561406
Average actions of users: 49.31
Average actions of items: 41.04
The sparsity of the dataset: 99.870412%

The number of training: 1237259
The number of validation: 0
The number of testing: 324147
2023-05-30 20:19:29.656: NeuRec:[NeuRec]:
recommender=SGL
dataset=yelp2018
file_column=UI
sep=','
gpu_id=0
gpu_mem=0.99
metric=["Precision", "Recall", "NDCG"]
top_k=[20]
test_thread=8
test_batch_size=128
seed=2021
start_testing_epoch=0

SGL:[hyperparameters]:
aug_type=ED
reg=1e-4
embed_size=64
n_layers=2
ssl_reg=0.1
ssl_ratio=0.1
ssl_temp=0.2
ssl_mode=both_side
lr=0.001
learner=adam
adj_type=pre
epochs=1000
batch_size=2048
num_negatives=1
param_init=xavier_uniform
stddev=0.01
verbose=1
stop_cnt=10
pretrain_flag=0
save_flag=0
2023-05-30 20:19:42.271: metrics:	Precision@20	Recall@20   	NDCG@20     
2023-05-30 20:22:28.896: [iter 1 : loss : 1.8207 = 0.6930 + 1.1277 + 0.0000, time: 166.614006]
2023-05-30 20:22:33.156: epoch 1:	0.00156782  	0.00299123  	0.00249617  
2023-05-30 20:22:33.156: Find a better model.
2023-05-30 20:25:18.313: [iter 2 : loss : 1.8191 = 0.6928 + 1.1262 + 0.0000, time: 165.136048]
2023-05-30 20:25:22.704: epoch 2:	0.00336622  	0.00667926  	0.00560048  
2023-05-30 20:25:22.704: Find a better model.
2023-05-30 20:28:08.487: [iter 3 : loss : 1.8185 = 0.6924 + 1.1261 + 0.0000, time: 165.759476]
2023-05-30 20:28:13.111: epoch 3:	0.00523411  	0.01111339  	0.00908787  
2023-05-30 20:28:13.111: Find a better model.
2023-05-30 20:30:59.499: [iter 4 : loss : 1.8171 = 0.6909 + 1.1262 + 0.0000, time: 166.366056]
2023-05-30 20:31:03.726: epoch 4:	0.00481883  	0.01049089  	0.00820082  
2023-05-30 20:33:49.526: [iter 5 : loss : 1.8104 = 0.6829 + 1.1275 + 0.0000, time: 165.779861]
2023-05-30 20:33:54.120: epoch 5:	0.00875344  	0.01981617  	0.01611737  
2023-05-30 20:33:54.120: Find a better model.
2023-05-30 20:36:40.462: [iter 6 : loss : 1.7659 = 0.6303 + 1.1355 + 0.0001, time: 166.318670]
2023-05-30 20:36:44.663: epoch 6:	0.01765094  	0.03855595  	0.03207044  
2023-05-30 20:36:44.663: Find a better model.
2023-05-30 20:39:30.352: [iter 7 : loss : 1.6482 = 0.4944 + 1.1534 + 0.0004, time: 165.666052]
2023-05-30 20:39:34.661: epoch 7:	0.02686366  	0.05895476  	0.04861126  
2023-05-30 20:39:34.662: Find a better model.
2023-05-30 20:42:20.411: [iter 8 : loss : 1.4863 = 0.3083 + 1.1771 + 0.0009, time: 165.728747]
2023-05-30 20:42:24.728: epoch 8:	0.02799243  	0.06161702  	0.05085741  
2023-05-30 20:42:24.729: Find a better model.
2023-05-30 20:45:10.906: [iter 9 : loss : 1.3722 = 0.1875 + 1.1833 + 0.0014, time: 166.154052]
2023-05-30 20:45:15.197: epoch 9:	0.02875019  	0.06366629  	0.05241445  
2023-05-30 20:45:15.197: Find a better model.
